app/build/intermediates/manifest_merge_blame_file/debug/manifest-merger-blame-debug-report.txt
1<?xml version="1.0" encoding="utf-8"?>
2<manifest xmlns:android="http://schemas.android.com/apk/res/android"
3    package="com.JK.mikraey_kodesh"
4    android:installLocation="auto"
5    android:versionCode="1"
6    android:versionName="1" >
7
8    <uses-sdk
9        android:minSdkVersion="24"
9-->src\main\AndroidManifest.xml
10        android:targetSdkVersion="33" />
10-->src\main\AndroidManifest.xml
11
12    <uses-permission android:name="android.permission.INTERNET" />
12-->src\main\AndroidManifest.xml:91:5-67
12-->src\main\AndroidManifest.xml:91:22-64
13    <uses-permission android:name="android.permission.WRITE_EXTERNAL_STORAGE" />
13-->src\main\AndroidManifest.xml:92:5-81
13-->src\main\AndroidManifest.xml:92:22-78
14    <uses-permission android:name="android.permission.READ_PHONE_STATE" />
14-->src\main\AndroidManifest.xml:93:5-75
14-->src\main\AndroidManifest.xml:93:22-72
15    <uses-permission android:name="android.permission.READ_EXTERNAL_STORAGE" />
15-->src\main\AndroidManifest.xml:94:5-80
15-->src\main\AndroidManifest.xml:94:22-77
16    <uses-permission android:name="android.permission.WAKE_LOCK" />
16-->src\main\AndroidManifest.xml:95:5-68
16-->src\main\AndroidManifest.xml:95:22-65
17    <uses-permission android:name="android.permission.FOREGROUND_SERVICE" />
17-->src\main\AndroidManifest.xml:96:5-77
17-->src\main\AndroidManifest.xml:96:22-74
18    <uses-permission android:name="android.permission.ACCESS_NETWORK_STATE" />
18-->src\main\AndroidManifest.xml:98:5-79
18-->src\main\AndroidManifest.xml:98:22-76
19
20    <permission
20-->[androidx.core:core:1.9.0] AndroidManifest.xml:22:5-24:47
21        android:name="com.JK.mikraey_kodesh.DYNAMIC_RECEIVER_NOT_EXPORTED_PERMISSION"
21-->[androidx.core:core:1.9.0] AndroidManifest.xml:23:9-81
22        android:protectionLevel="signature" />
22-->[androidx.core:core:1.9.0] AndroidManifest.xml:24:9-44
23
24    <uses-permission android:name="com.JK.mikraey_kodesh.DYNAMIC_RECEIVER_NOT_EXPORTED_PERMISSION" />
24-->[androidx.core:core:1.9.0] AndroidManifest.xml:26:5-97
24-->[androidx.core:core:1.9.0] AndroidManifest.xml:26:22-94
25
26    <application
26-->src\main\AndroidManifest.xml:9:5-90:19
27        android:allowBackup="true"
27-->src\main\AndroidManifest.xml:10:9-35
28        android:appComponentFactory="androidx.core.app.CoreComponentFactory"
28-->[androidx.core:core:1.9.0] AndroidManifest.xml:28:18-86
29        android:debuggable="true"
30        android:extractNativeLibs="false"
31        android:icon="@mipmap/ic_launcher"
31-->src\main\AndroidManifest.xml:11:9-43
32        android:label="@string/app_name"
32-->src\main\AndroidManifest.xml:12:9-41
33        android:testOnly="true"
34        android:theme="@style/AppThemeLight" >
34-->src\main\AndroidManifest.xml:13:9-45
35        <activity
35-->src\main\AndroidManifest.xml:14:9-16:40
36            android:name="com.JK.mikraey_kodesh.TryingActivity"
36-->src\main\AndroidManifest.xml:15:13-43
37            android:exported="false" />
37-->src\main\AndroidManifest.xml:16:13-37
38        <activity
38-->src\main\AndroidManifest.xml:17:9-27:20
39            android:name="com.JK.mikraey_kodesh.Splash"
39-->src\main\AndroidManifest.xml:18:13-35
40            android:exported="true"
40-->src\main\AndroidManifest.xml:19:13-36
41            android:label="@string/app_name"
41-->src\main\AndroidManifest.xml:20:13-45
42            android:theme="@android:style/Theme.Black.NoTitleBar.Fullscreen" >
42-->src\main\AndroidManifest.xml:21:13-77
43            <intent-filter>
43-->src\main\AndroidManifest.xml:22:13-26:29
44                <action android:name="android.intent.action.MAIN" />
44-->src\main\AndroidManifest.xml:23:17-69
44-->src\main\AndroidManifest.xml:23:25-66
45
46                <category android:name="android.intent.category.LAUNCHER" />
46-->src\main\AndroidManifest.xml:25:17-77
46-->src\main\AndroidManifest.xml:25:27-74
47            </intent-filter>
48        </activity>
49        <activity
49-->src\main\AndroidManifest.xml:28:9-48:20
50            android:name="com.JK.mikraey_kodesh.MainActivity"
50-->src\main\AndroidManifest.xml:29:13-41
51            android:exported="false"
51-->src\main\AndroidManifest.xml:30:13-37
52            android:label="@string/main_activity_name"
52-->src\main\AndroidManifest.xml:31:13-55
53            android:theme="@style/AppThemeLight" >
53-->src\main\AndroidManifest.xml:32:13-49
54            <intent-filter>
54-->src\main\AndroidManifest.xml:33:13-37:29
55                <action android:name="com.JK.mikraey_kodesh.MainActivity" />
55-->src\main\AndroidManifest.xml:34:17-77
55-->src\main\AndroidManifest.xml:34:25-74
56
57                <category android:name="android.intent.category.DEFAULT" />
57-->src\main\AndroidManifest.xml:36:17-76
57-->src\main\AndroidManifest.xml:36:27-73
58            </intent-filter>
59            <!-- <intent-filter> -->
60            <!-- <action android:name="android.intent.action.MAIN" /> -->
61
62
63            <!-- <category android:name="android.intent.category.LAUNCHER" /> -->
64            <!-- </intent-filter> -->
65            <!-- enable the search dialog to send searches to SearchableActivity -->
66            <meta-data
66-->src\main\AndroidManifest.xml:45:13-47:55
67                android:name="android.app.default_searchable"
67-->src\main\AndroidManifest.xml:46:17-62
68                android:value=".SearchableActivity" />
68-->src\main\AndroidManifest.xml:47:17-52
69        </activity>
70        <activity
70-->src\main\AndroidManifest.xml:49:9-60:20
71            android:name="com.JK.mikraey_kodesh.textMain"
71-->src\main\AndroidManifest.xml:50:13-37
72            android:configChanges="keyboardHidden|orientation|screenSize"
72-->src\main\AndroidManifest.xml:51:13-74
73            android:hardwareAccelerated="false"
73-->src\main\AndroidManifest.xml:52:13-48
74            android:label="@string/app_name"
74-->src\main\AndroidManifest.xml:53:13-45
75            android:theme="@style/AppThemeLight" >
75-->src\main\AndroidManifest.xml:54:13-49
76
77            <!-- enable the search dialog to send searches to SearchableActivity -->
78            <meta-data
78-->src\main\AndroidManifest.xml:45:13-47:55
79                android:name="android.app.default_searchable"
79-->src\main\AndroidManifest.xml:46:17-62
80                android:value=".SearchableActivity" />
80-->src\main\AndroidManifest.xml:47:17-52
81        </activity>
82        <activity
82-->src\main\AndroidManifest.xml:61:9-64:60
83            android:name="com.JK.mikraey_kodesh.About"
83-->src\main\AndroidManifest.xml:62:13-34
84            android:label="@string/title_activity_about"
84-->src\main\AndroidManifest.xml:63:13-57
85            android:theme="@style/Theme.AppCompat.Light" />
85-->src\main\AndroidManifest.xml:64:13-57
86        <activity
86-->src\main\AndroidManifest.xml:65:9-68:52
87            android:name="com.JK.mikraey_kodesh.hascamot"
87-->src\main\AndroidManifest.xml:66:13-37
88            android:label="@string/title_activity_hascamot"
88-->src\main\AndroidManifest.xml:67:13-60
89            android:theme="@style/AppThemeLight" />
89-->src\main\AndroidManifest.xml:68:13-49
90        <activity
90-->src\main\AndroidManifest.xml:69:9-72:63
91            android:name="com.JK.mikraey_kodesh.SearchHelp"
91-->src\main\AndroidManifest.xml:70:13-39
92            android:label="@string/title_activity_search_help"
92-->src\main\AndroidManifest.xml:71:13-63
93            android:theme="@android:style/Theme.NoTitleBar" />
93-->src\main\AndroidManifest.xml:72:13-60
94        <activity
94-->src\main\AndroidManifest.xml:73:9-76:52
95            android:name="com.JK.mikraey_kodesh.Settings"
95-->src\main\AndroidManifest.xml:74:13-37
96            android:label="@string/title_activity_settings"
96-->src\main\AndroidManifest.xml:75:13-60
97            android:theme="@style/AppThemeLight" />
97-->src\main\AndroidManifest.xml:76:13-49
98        <activity
98-->src\main\AndroidManifest.xml:77:9-89:20
99            android:name="com.JK.mikraey_kodesh.SearchableActivity"
99-->src\main\AndroidManifest.xml:78:13-47
100            android:exported="false"
100-->src\main\AndroidManifest.xml:79:13-37
101            android:label="@string/title_activity_searchable"
101-->src\main\AndroidManifest.xml:80:13-62
102            android:theme="@style/mAppCompatLight" >
102-->src\main\AndroidManifest.xml:81:13-51
103            <intent-filter>
103-->src\main\AndroidManifest.xml:82:13-84:29
104                <action android:name="android.intent.action.SEARCH" />
104-->src\main\AndroidManifest.xml:83:17-71
104-->src\main\AndroidManifest.xml:83:25-68
105            </intent-filter>
106
107            <meta-data
107-->src\main\AndroidManifest.xml:86:13-88:54
108                android:name="android.app.searchable"
108-->src\main\AndroidManifest.xml:87:17-54
109                android:resource="@xml/searchable" />
109-->src\main\AndroidManifest.xml:88:17-51
110        </activity>
111
112        <provider
112-->[androidx.emoji2:emoji2:1.2.0] AndroidManifest.xml:24:9-32:20
113            android:name="androidx.startup.InitializationProvider"
113-->[androidx.emoji2:emoji2:1.2.0] AndroidManifest.xml:25:13-67
114            android:authorities="com.JK.mikraey_kodesh.androidx-startup"
114-->[androidx.emoji2:emoji2:1.2.0] AndroidManifest.xml:26:13-68
115            android:exported="false" >
115-->[androidx.emoji2:emoji2:1.2.0] AndroidManifest.xml:27:13-37
116            <meta-data
116-->[androidx.emoji2:emoji2:1.2.0] AndroidManifest.xml:29:13-31:52
117                android:name="androidx.emoji2.text.EmojiCompatInitializer"
117-->[androidx.emoji2:emoji2:1.2.0] AndroidManifest.xml:30:17-75
118                android:value="androidx.startup" />
118-->[androidx.emoji2:emoji2:1.2.0] AndroidManifest.xml:31:17-49
119            <meta-data
119-->[androidx.lifecycle:lifecycle-process:2.4.1] AndroidManifest.xml:31:13-33:52
120                android:name="androidx.lifecycle.ProcessLifecycleInitializer"
120-->[androidx.lifecycle:lifecycle-process:2.4.1] AndroidManifest.xml:32:17-78
121                android:value="androidx.startup" />
121-->[androidx.lifecycle:lifecycle-process:2.4.1] AndroidManifest.xml:33:17-49
122        </provider>
123    </application>
124
125</manifest>